<?xml version="1.0" encoding="UTF-8"?>
<!-- Generated by org.testng.reporters.JUnitXMLReporter -->
<testsuite hostname="DESKTOP-MIQO3UO" ignored="0" name="Test" tests="1" failures="1" timestamp="26 Jul 2021 03:40:13 GMT" time="28.524" errors="0">
  <testcase name="f" time="12.975" classname="tests.Screener_tests">
    <failure type="java.lang.StringIndexOutOfBoundsException" message="String index out of range: -7">
      <![CDATA[java.lang.StringIndexOutOfBoundsException: String index out of range: -7
at java.lang.String.substring(String.java:1931)
at Screener.Stock.getHistoricalPE(Stock.java:63)
at tests.Screener_tests.f(Screener_tests.java:51)
... Removed 28 stack frames]]>
    </failure>
  </testcase> <!-- f -->
</testsuite> <!-- Test -->
