<?xml version="1.0" encoding="UTF-8"?>
<testng-results skipped="0" failed="0" ignored="0" total="1" passed="1">
  <reporter-output>
  </reporter-output>
  <suite name="Suite" duration-ms="26955" started-at="2021-07-25T05:48:30Z" finished-at="2021-07-25T05:48:57Z">
    <groups>
    </groups>
    <test name="Test" duration-ms="26955" started-at="2021-07-25T05:48:30Z" finished-at="2021-07-25T05:48:57Z">
      <class name="tests.Screener_tests">
        <test-method status="PASS" signature="beforeClass()[pri:0, instance:tests.Screener_tests@3b81a1bc]" name="beforeClass" is-config="true" duration-ms="11016" started-at="2021-07-25T05:48:30Z" finished-at="2021-07-25T05:48:41Z">
          <reporter-output>
          </reporter-output>
        </test-method> <!-- beforeClass -->
        <test-method status="PASS" signature="loadthepage()[pri:0, instance:tests.Screener_tests@3b81a1bc]" name="loadthepage" is-config="true" duration-ms="3066" started-at="2021-07-25T05:48:41Z" finished-at="2021-07-25T05:48:44Z">
          <reporter-output>
          </reporter-output>
        </test-method> <!-- loadthepage -->
        <test-method status="PASS" signature="f()[pri:0, instance:tests.Screener_tests@3b81a1bc]" name="f" duration-ms="11958" started-at="2021-07-25T05:48:44Z" finished-at="2021-07-25T05:48:56Z">
          <reporter-output>
          </reporter-output>
        </test-method> <!-- f -->
        <test-method status="PASS" signature="afterClass()[pri:0, instance:tests.Screener_tests@3b81a1bc]" name="afterClass" is-config="true" duration-ms="898" started-at="2021-07-25T05:48:56Z" finished-at="2021-07-25T05:48:57Z">
          <reporter-output>
          </reporter-output>
        </test-method> <!-- afterClass -->
      </class> <!-- tests.Screener_tests -->
    </test> <!-- Test -->
  </suite> <!-- Suite -->
</testng-results>
